<?xml version="1.0" encoding="UTF-8"?>
<!-- Generated by org.testng.reporters.JUnitReportReporter -->
<testsuite hostname="LAPTOP-OLCNO7V5" failures="0" tests="23" name="com.employee.automation.tests.EMSAutomationTest" time="221.660" errors="0" timestamp="2026-07-18T10:25:32 IST" skipped="0">
  <testcase classname="com.employee.automation.tests.EMSAutomationTest" name="test_01_AdminLogin" time="3.180"/>
  <testcase classname="com.employee.automation.tests.EMSAutomationTest" name="test_02_AdminDashboard" time="6.348"/>
  <testcase classname="com.employee.automation.tests.EMSAutomationTest" name="test_03_AdminEmployeeManagement" time="25.297"/>
  <testcase classname="com.employee.automation.tests.EMSAutomationTest" name="test_04_AdminDepartments" time="5.525"/>
  <testcase classname="com.employee.automation.tests.EMSAutomationTest" name="test_05_AdminAttendance" time="26.308"/>
  <testcase classname="com.employee.automation.tests.EMSAutomationTest" name="test_06_AdminLeaveManagement" time="10.194"/>
  <testcase classname="com.employee.automation.tests.EMSAutomationTest" name="test_07_AdminAnnouncements" time="12.801"/>
  <testcase classname="com.employee.automation.tests.EMSAutomationTest" name="test_08_AdminProjects" time="11.948"/>
  <testcase classname="com.employee.automation.tests.EMSAutomationTest" name="test_09_AdminPayroll" time="6.486"/>
  <testcase classname="com.employee.automation.tests.EMSAutomationTest" name="test_10_AdminDocuments" time="11.248"/>
  <testcase classname="com.employee.automation.tests.EMSAutomationTest" name="test_11_AdminSettings" time="5.081"/>
  <testcase classname="com.employee.automation.tests.EMSAutomationTest" name="test_12_AdminLogout" time="0.327"/>
  <testcase classname="com.employee.automation.tests.EMSAutomationTest" name="test_13_EmployeeLogin" time="2.350"/>
  <testcase classname="com.employee.automation.tests.EMSAutomationTest" name="test_14_EmployeeHome" time="2.808"/>
  <testcase classname="com.employee.automation.tests.EMSAutomationTest" name="test_15_EmployeeAttendance" time="20.962"/>
  <testcase classname="com.employee.automation.tests.EMSAutomationTest" name="test_16_EmployeeLeaveRequest" time="22.527"/>
  <testcase classname="com.employee.automation.tests.EMSAutomationTest" name="test_17_EmployeeAnnouncements" time="10.713"/>
  <testcase classname="com.employee.automation.tests.EMSAutomationTest" name="test_18_EmployeeProjects" time="4.995"/>
  <testcase classname="com.employee.automation.tests.EMSAutomationTest" name="test_19_EmployeePayslips" time="5.823"/>
  <testcase classname="com.employee.automation.tests.EMSAutomationTest" name="test_20_EmployeeDocuments" time="11.185"/>
  <testcase classname="com.employee.automation.tests.EMSAutomationTest" name="test_21_EmployeeProfile" time="10.153"/>
  <testcase classname="com.employee.automation.tests.EMSAutomationTest" name="test_22_EmployeeSettings" time="5.066"/>
  <testcase classname="com.employee.automation.tests.EMSAutomationTest" name="test_23_EmployeeLogout" time="0.335"/>
</testsuite> <!-- com.employee.automation.tests.EMSAutomationTest -->
